Arguments: 
  C:\Program Files\nodejs\node.exe C:\Users\DELL\AppData\Roaming\npm\node_modules\yarn\bin\yarn.js -i

PATH: 
  C:\Windows\system32;C:\Windows;C:\Windows\System32\Wbem;C:\Windows\System32\WindowsPowerShell\v1.0\;C:\Windows\System32\OpenSSH\;C:\Program Files\nodejs\;C:\Users\DELL\AppData\Local\Microsoft\WindowsApps;C:\Users\DELL\AppData\Local\GitHubDesktop\bin;C:\Users\DELL\AppData\Roaming\npm

Yarn version: 
  1.22.4

Node version: 
  12.18.0

Platform: 
  win32 x64

Trace: 
  SyntaxError: D:\project\OldPeople\package.json: Unexpected token / in JSON at position 6
      at JSON.parse (<anonymous>)
      at C:\Users\DELL\AppData\Roaming\npm\node_modules\yarn\lib\cli.js:1625:59
      at Generator.next (<anonymous>)
      at step (C:\Users\DELL\AppData\Roaming\npm\node_modules\yarn\lib\cli.js:310:30)
      at C:\Users\DELL\AppData\Roaming\npm\node_modules\yarn\lib\cli.js:321:13

npm manifest: 
  {
      /**
       package.json其它原有配置 
       */
      "uni-app": {// 扩展配置
          "scripts": {
              "custom-platform": { //自定义编译平台配置，可通过cli方式调用
                  "title":"自定义扩展名称", // 在HBuilderX中会显示在 运行/发行 菜单中
                  "BROWSER":"",  //运行到的目标浏览器，仅当UNI_PLATFORM为h5时有效
                  "env": {//环境变量
                      "UNI_PLATFORM": ""  //基准平台 
                   },
                  "define": { //自定义条件编译
                      "CUSTOM-CONST": true //自定义条件编译常量，建议为大写
                  }
              }
          }    
      }
  }

yarn manifest: 
  No manifest

Lockfile: 
  No lockfile
